<?xml version="1.0" encoding="UTF-8"?>
<!-- Generated by org.testng.reporters.JUnitXMLReporter -->
<testsuite ignored="0" hostname="DESKTOP-OJQ00OQ" failures="1" tests="1" name="Default test(failed)" time="12.903" errors="0" timestamp="2023-02-11T00:25:37 PST">
  <testcase classname="selenium_tutorial.Tc_001_Registration_Functions" name="tc001" time="0.471">
    <failure type="java.lang.NullPointerException" message="Cannot invoke &amp;quot;Object.toString()&amp;quot; because the return value of &amp;quot;java.util.Properties.get(Object)&amp;quot; is null">
      <![CDATA[java.lang.NullPointerException: Cannot invoke "Object.toString()" because the return value of "java.util.Properties.get(Object)" is null
at org.web.automation.entryBehaviour.ApplicationProperties.elementlocator(ApplicationProperties.java:24)
at selenium_tutorial.Tc_001_Registration_Functions.tc001(Tc_001_Registration_Functions.java:31)
at java.base/java.util.ArrayList.forEach(ArrayList.java:1511)
... Removed 25 stack frames]]>
    </failure>
  </testcase> <!-- tc001 -->
</testsuite> <!-- Default test(failed) -->
